2025-04-13 17:06:20 - Curl error: Failed to connect to api.telegram.org port 443: Timed out
2025-04-13 17:10:59 - Curl error: Failed to connect to api.telegram.org port 443: Timed out
2025-04-13 17:15:35 - Curl error: Failed to connect to api.telegram.org port 443: Timed out
2025-04-14 16:00:48 - Curl error: Failed to connect to api.telegram.org port 443: Timed out
2025-04-15 16:22:38 - Curl error: Failed to connect to api.telegram.org port 443: Connection refused
2025-04-15 16:25:21 - Curl error: Failed to connect to api.telegram.org port 443: Connection refused
2025-04-15 16:26:07 - Curl error: Failed to connect to api.telegram.org port 443: Connection refused
2025-04-15 16:26:25 - Curl error: Failed to connect to api.telegram.org port 443: Connection refused
2025-04-15 16:26:37 - Curl error: Failed to connect to api.telegram.org port 443: Connection refused
2025-04-15 16:27:49 - Curl error: Failed to connect to api.telegram.org port 443: Connection refused
2025-04-15 16:28:11 - Curl error: Failed to connect to api.telegram.org port 443: Connection refused
2025-04-15 16:53:45 - Curl error: Failed to connect to api.telegram.org port 443: Connection refused
2025-04-15 16:54:57 - Curl error: Failed to connect to api.telegram.org port 443: Connection refused
2025-04-15 16:55:28 - Curl error: Failed to connect to api.telegram.org port 443: Connection refused
2025-04-15 16:57:59 - HTTP: 200 - Curl error:  - Response: {"ok":true,"result":{"message_id":7,"sender_chat":{"id":-1002507904273,"title":"Farokh file manager","username":"farokhfilems","type":"channel"},"chat":{"id":-1002507904273,"title":"Farokh file manager","username":"farokhfilems","type":"channel"},"date":1744729079,"document":{"file_name":"top.png","mime_type":"image/png","thumbnail":{"file_id":"AAMCBAADIQYABJV7lREAAwdn_nP3EokxfQ_pBR20KQJpPCN8lgACURgAApqn-VMRk3sJqPD9kgEAB20AAzYE","file_unique_id":"AQADURgAApqn-VNy","file_size":12771,"width":276,"height":320},"thumb":{"file_id":"AAMCBAADIQYABJV7lREAAwdn_nP3EokxfQ_pBR20KQJpPCN8lgACURgAApqn-VMRk3sJqPD9kgEAB20AAzYE","file_unique_id":"AQADURgAApqn-VNy","file_size":12771,"width":276,"height":320},"file_id":"BQACAgQAAyEGAASVe5URAAMHZ_5z9xKJMX0P6QUdtCkCaTwjfJYAAlEYAAKap_lTEZN7Cajw_ZI2BA","file_unique_id":"AgADURgAApqn-VM","file_size":217121}}}
2025-04-15 16:59:44 - HTTP: 200 - Curl error:  - Response: {"ok":true,"result":{"message_id":8,"sender_chat":{"id":-1002507904273,"title":"Farokh file manager","username":"farokhfilems","type":"channel"},"chat":{"id":-1002507904273,"title":"Farokh file manager","username":"farokhfilems","type":"channel"},"date":1744729184,"document":{"file_name":"hesabdari.jpg","mime_type":"image/jpeg","thumbnail":{"file_id":"AAMCBAADIQYABJV7lREAAwhn_nRgBRsf4KfurRlct_2xmzPnhwACUhgAApqn-VOeT6vi6lBn0QEAB20AAzYE","file_unique_id":"AQADUhgAApqn-VNy","file_size":12767,"width":253,"height":248},"thumb":{"file_id":"AAMCBAADIQYABJV7lREAAwhn_nRgBRsf4KfurRlct_2xmzPnhwACUhgAApqn-VOeT6vi6lBn0QEAB20AAzYE","file_unique_id":"AQADUhgAApqn-VNy","file_size":12767,"width":253,"height":248},"file_id":"BQACAgQAAyEGAASVe5URAAMIZ_50YAUbH-Cn7q0ZXLf9sZsz54cAAlIYAAKap_lTnk-r4upQZ9E2BA","file_unique_id":"AgADUhgAApqn-VM","file_size":48884}}}
2025-04-15 17:30:49 - HTTP: 200 - Curl error:  - Response: {"ok":true,"result":{"message_id":9,"sender_chat":{"id":-1002507904273,"title":"Farokh file manager","username":"farokhfilems","type":"channel"},"chat":{"id":-1002507904273,"title":"Farokh file manager","username":"farokhfilems","type":"channel"},"date":1744731050,"document":{"file_name":"bazaryab.jpg","mime_type":"image/jpeg","thumbnail":{"file_id":"AAMCBAADIQYABJV7lREAAwln_nuq4H35qRwzsdkPzwtJz66lnAACahgAApqn-VPphO_9dgAB-4cBAAdtAAM2BA","file_unique_id":"AQADahgAApqn-VNy","file_size":8569,"width":320,"height":187},"thumb":{"file_id":"AAMCBAADIQYABJV7lREAAwln_nuq4H35qRwzsdkPzwtJz66lnAACahgAApqn-VPphO_9dgAB-4cBAAdtAAM2BA","file_unique_id":"AQADahgAApqn-VNy","file_size":8569,"width":320,"height":187},"file_id":"BQACAgQAAyEGAASVe5URAAMJZ_57quB9-akcM7HZD88LSc-upZwAAmoYAAKap_lT6YTv_XYAAfuHNgQ","file_unique_id":"AgADahgAApqn-VM","file_size":81067}}}
2025-04-15 17:38:00 - HTTP: 200 - Curl error:  - Response: {"ok":true,"result":{"message_id":10,"sender_chat":{"id":-1002507904273,"title":"Farokh file manager","username":"farokhfilems","type":"channel"},"chat":{"id":-1002507904273,"title":"Farokh file manager","username":"farokhfilems","type":"channel"},"date":1744731480,"document":{"file_name":"bazaryab.jpg","mime_type":"image/jpeg","thumbnail":{"file_id":"AAMCBAADIQYABJV7lREAAwpn_n1YLrEtoGrEuu7RcXtOp78o8wACbBgAApqn-VMwOfkdzpSuiQEAB20AAzYE","file_unique_id":"AQADbBgAApqn-VNy","file_size":8569,"width":320,"height":187},"thumb":{"file_id":"AAMCBAADIQYABJV7lREAAwpn_n1YLrEtoGrEuu7RcXtOp78o8wACbBgAApqn-VMwOfkdzpSuiQEAB20AAzYE","file_unique_id":"AQADbBgAApqn-VNy","file_size":8569,"width":320,"height":187},"file_id":"BQACAgQAAyEGAASVe5URAAMKZ_59WC6xLaBqxLru0XF7Tqe_KPMAAmwYAAKap_lTMDn5Hc6Urok2BA","file_unique_id":"AgADbBgAApqn-VM","file_size":81067}}}
2025-04-15 17:47:32 - HTTP: 200 - Curl error:  - Response: {"ok":true,"result":{"message_id":11,"sender_chat":{"id":-1002507904273,"title":"Farokh file manager","username":"farokhfilems","type":"channel"},"chat":{"id":-1002507904273,"title":"Farokh file manager","username":"farokhfilems","type":"channel"},"date":1744732053,"document":{"file_name":"1PEZESHK.png","mime_type":"image/png","thumbnail":{"file_id":"AAMCBAADIQYABJV7lREAAwtn_n-VZIA3pXTvy76LSvitBvgPvAACcBgAApqn-VMGCsy10G1JDAEAB20AAzYE","file_unique_id":"AQADcBgAApqn-VNy","file_size":14265,"width":320,"height":275},"thumb":{"file_id":"AAMCBAADIQYABJV7lREAAwtn_n-VZIA3pXTvy76LSvitBvgPvAACcBgAApqn-VMGCsy10G1JDAEAB20AAzYE","file_unique_id":"AQADcBgAApqn-VNy","file_size":14265,"width":320,"height":275},"file_id":"BQACAgQAAyEGAASVe5URAAMLZ_5_lWSAN6V078u-i0r4rQb4D7wAAnAYAAKap_lTBgrMtdBtSQw2BA","file_unique_id":"AgADcBgAApqn-VM","file_size":318265}}}
TG RESPONSE:
2025-04-15 19:18:56 CURL OUTPUT: {"ok":false,"error_code":413,"description":"Request Entity Too Large"}
ERROR: 
2025-04-16 22:45:31 CURL OUTPUT: 
ERROR: Failed to connect to 127.0.0.1 port 10808: Connection refused
2025-04-17 00:18:20 CURL OUTPUT: 
ERROR: Failed to connect to 127.0.0.1 port 10808: Connection refused
2025-04-17 13:17:37 - Telegram Error: ÙØ§ÛŒÙ„ ØªÙˆØ³Ø· ØªÙ„Ú¯Ø±Ø§Ù… ØªØ§ÛŒÛŒØ¯ Ù†Ø´Ø¯ ÛŒØ§ message.document Ø®Ø§Ù„ÛŒ Ø¨ÙˆØ¯.
2025-04-17 13:29:00 - Telegram Error: ÙØ§ÛŒÙ„ ØªÙˆØ³Ø· ØªÙ„Ú¯Ø±Ø§Ù… ØªØ§ÛŒÛŒØ¯ Ù†Ø´Ø¯ ÛŒØ§ message.document Ø®Ø§Ù„ÛŒ Ø¨ÙˆØ¯.
2025-04-17 13:31:33 - Telegram Error: ÙØ§ÛŒÙ„ ØªÙˆØ³Ø· ØªÙ„Ú¯Ø±Ø§Ù… ØªØ§ÛŒÛŒØ¯ Ù†Ø´Ø¯ ÛŒØ§ message.document Ø®Ø§Ù„ÛŒ Ø¨ÙˆØ¯.
2025-04-17 13:32:54 - Telegram Error: ÙØ§ÛŒÙ„ ØªÙˆØ³Ø· ØªÙ„Ú¯Ø±Ø§Ù… ØªØ§ÛŒÛŒØ¯ Ù†Ø´Ø¯ ÛŒØ§ message.document Ø®Ø§Ù„ÛŒ Ø¨ÙˆØ¯.
2025-04-17 13:33:51 - Telegram Error: ÙØ§ÛŒÙ„ ØªÙˆØ³Ø· ØªÙ„Ú¯Ø±Ø§Ù… ØªØ§ÛŒÛŒØ¯ Ù†Ø´Ø¯ ÛŒØ§ message.document Ø®Ø§Ù„ÛŒ Ø¨ÙˆØ¯.
2025-04-17 13:39:12 - Telegram Error: ÙØ§ÛŒÙ„ ØªÙˆØ³Ø· ØªÙ„Ú¯Ø±Ø§Ù… ØªØ§ÛŒÛŒØ¯ Ù†Ø´Ø¯ ÛŒØ§ message.document Ø®Ø§Ù„ÛŒ Ø¨ÙˆØ¯.
2025-04-17 13:41:30 - Telegram Error: ÙØ§ÛŒÙ„ ØªÙˆØ³Ø· ØªÙ„Ú¯Ø±Ø§Ù… ØªØ§ÛŒÛŒØ¯ Ù†Ø´Ø¯ ÛŒØ§ message.document Ø®Ø§Ù„ÛŒ Ø¨ÙˆØ¯.
2025-04-17 13:42:55 - Telegram Error: ÙØ§ÛŒÙ„ ØªÙˆØ³Ø· ØªÙ„Ú¯Ø±Ø§Ù… ØªØ§ÛŒÛŒØ¯ Ù†Ø´Ø¯ ÛŒØ§ message.document Ø®Ø§Ù„ÛŒ Ø¨ÙˆØ¯.
2025-04-17 13:45:02 - Telegram Error: ÙØ§ÛŒÙ„ ØªÙˆØ³Ø· ØªÙ„Ú¯Ø±Ø§Ù… ØªØ§ÛŒÛŒØ¯ Ù†Ø´Ø¯ ÛŒØ§ message.document Ø®Ø§Ù„ÛŒ Ø¨ÙˆØ¯.
2025-04-17 13:45:39 - Telegram Error: ÙØ§ÛŒÙ„ ØªÙˆØ³Ø· ØªÙ„Ú¯Ø±Ø§Ù… ØªØ§ÛŒÛŒØ¯ Ù†Ø´Ø¯ ÛŒØ§ message.document Ø®Ø§Ù„ÛŒ Ø¨ÙˆØ¯.
2025-04-17 13:51:28 - Telegram Error: 'Document' object has no attribute 'file_id'
2025-04-17 13:51:44 - Telegram Error: 'Document' object has no attribute 'file_id'
'C:\Users\Almahdi' is not recognized as an internal or external command,
operable program or batch file.Traceback (most recent call last):
  File "C:\xampp\htdocs\telegram-file-manager\send_to_telegram.py", line 36, in <module>
    file_id = message.photo.file_id
              ^^^^^^^^^^^^^^^^^^^^^
AttributeError: 'Photo' object has no attribute 'file_id'

During handling of the above exception, another exception occurred:

Traceback (most recent call last):
  File "C:\xampp\htdocs\telegram-file-manager\send_to_telegram.py", line 54, in <module>
    print(f"\u274c ÎØÇ ÏÑ ÇÑÓÇá İÇ\u06ccá: {e}")
    ~~~~~^^^^^^^^^^^^^^^^^^^^^^^^^^^^^^
  File "C:\Users\Almahdi Laptop\AppData\Local\Programs\Python\Python313\Lib\encodings\cp1256.py", line 19, in encode
    return codecs.charmap_encode(input,self.errors,encoding_table)[0]
           ~~~~~~~~~~~~~~~~~~~~~^^^^^^^^^^^^^^^^^^^^^^^^^^^^^^^^^^
UnicodeEncodeError: 'charmap' codec can't encode character '\u274c' in position 0: character maps to <undefined>Traceback (most recent call last):
  File "C:\xampp\htdocs\telegram-file-manager\send_to_telegram.py", line 45, in <module>
    print("ÇÑÓÇá ãæİŞ æ á\u06ccä˜ ĞÎ\u06ccÑå ÔÏ.")
    ~~~~~^^^^^^^^^^^^^^^^^^^^^^^^^^^^^^^
  File "C:\Users\Almahdi Laptop\AppData\Local\Programs\Python\Python313\Lib\encodings\cp1256.py", line 19, in encode
    return codecs.charmap_encode(input,self.errors,encoding_table)[0]
           ~~~~~~~~~~~~~~~~~~~~~^^^^^^^^^^^^^^^^^^^^^^^^^^^^^^^^^^
UnicodeEncodeError: 'charmap' codec can't encode character '\u06cc' in position 14: character maps to <undefined>

During handling of the above exception, another exception occurred:

Traceback (most recent call last):
  File "C:\xampp\htdocs\telegram-file-manager\send_to_telegram.py", line 54, in <module>
    print(f"ÎØÇ ÏÑ ÇÑÓÇá İÇ\u06ccá: {e}")
    ~~~~~^^^^^^^^^^^^^^^^^^^^^^^^^^^
  File "C:\Users\Almahdi Laptop\AppData\Local\Programs\Python\Python313\Lib\encodings\cp1256.py", line 19, in encode
    return codecs.charmap_encode(input,self.errors,encoding_table)[0]
           ~~~~~~~~~~~~~~~~~~~~~^^^^^^^^^^^^^^^^^^^^^^^^^^^^^^^^^^
UnicodeEncodeError: 'charmap' codec can't encode character '\u06cc' in position 15: character maps to <undefined>
â›” Ø®Ø·Ø§ Ø§Ø² Ù¾Ø§ÛŒØªÙˆÙ†: 'charmap' codec can't encode character '\u06cc' in position 14: character maps to <undefined>
2025-04-17 14:10:20 - Telegram Error: 'charmap' codec can't encode character '\u06cc' in position 14: character maps to <undefined>
Traceback (most recent call last):
  File "C:\xampp\htdocs\telegram-file-manager\send_to_telegram.py", line 45, in <module>
    print("ÇÑÓÇá ãæİŞ æ á\u06ccä˜ ĞÎ\u06ccÑå ÔÏ.")
    ~~~~~^^^^^^^^^^^^^^^^^^^^^^^^^^^^^^^
  File "C:\Users\Almahdi Laptop\AppData\Local\Programs\Python\Python313\Lib\encodings\cp1256.py", line 19, in encode
    return codecs.charmap_encode(input,self.errors,encoding_table)[0]
           ~~~~~~~~~~~~~~~~~~~~~^^^^^^^^^^^^^^^^^^^^^^^^^^^^^^^^^^
UnicodeEncodeError: 'charmap' codec can't encode character '\u06cc' in position 14: character maps to <undefined>

During handling of the above exception, another exception occurred:

Traceback (most recent call last):
  File "C:\xampp\htdocs\telegram-file-manager\send_to_telegram.py", line 56, in <module>
    print(f"ÎØÇ ÏÑ ÇÑÓÇá İÇ\u06ccá: {e}")
    ~~~~~^^^^^^^^^^^^^^^^^^^^^^^^^^^
  File "C:\Users\Almahdi Laptop\AppData\Local\Programs\Python\Python313\Lib\encodings\cp1256.py", line 19, in encode
    return codecs.charmap_encode(input,self.errors,encoding_table)[0]
           ~~~~~~~~~~~~~~~~~~~~~^^^^^^^^^^^^^^^^^^^^^^^^^^^^^^^^^^
UnicodeEncodeError: 'charmap' codec can't encode character '\u06cc' in position 15: character maps to <undefined>
â›” Ø®Ø·Ø§ Ø§Ø² Ù¾Ø§ÛŒØªÙˆÙ†: 'charmap' codec can't encode character '\u06cc' in position 14: character maps to <undefined>
2025-04-17 14:14:56 - Telegram Error: 'charmap' codec can't encode character '\u06cc' in position 14: character maps to <undefined>
Traceback (most recent call last):
  File "C:\xampp\htdocs\telegram-file-manager\send_to_telegram.py", line 45, in <module>
    print("ÇÑÓÇá ãæİŞ æ á\u06ccä˜ ĞÎ\u06ccÑå ÔÏ.")
    ~~~~~^^^^^^^^^^^^^^^^^^^^^^^^^^^^^^^
  File "C:\Users\Almahdi Laptop\AppData\Local\Programs\Python\Python313\Lib\encodings\cp1256.py", line 19, in encode
    return codecs.charmap_encode(input,self.errors,encoding_table)[0]
           ~~~~~~~~~~~~~~~~~~~~~^^^^^^^^^^^^^^^^^^^^^^^^^^^^^^^^^^
UnicodeEncodeError: 'charmap' codec can't encode character '\u06cc' in position 14: character maps to <undefined>

During handling of the above exception, another exception occurred:

Traceback (most recent call last):
  File "C:\xampp\htdocs\telegram-file-manager\send_to_telegram.py", line 56, in <module>
    print(f"ÎØÇ ÏÑ ÇÑÓÇá İÇ\u06ccá: {e}")
    ~~~~~^^^^^^^^^^^^^^^^^^^^^^^^^^^
  File "C:\Users\Almahdi Laptop\AppData\Local\Programs\Python\Python313\Lib\encodings\cp1256.py", line 19, in encode
    return codecs.charmap_encode(input,self.errors,encoding_table)[0]
           ~~~~~~~~~~~~~~~~~~~~~^^^^^^^^^^^^^^^^^^^^^^^^^^^^^^^^^^
UnicodeEncodeError: 'charmap' codec can't encode character '\u06cc' in position 15: character maps to <undefined>
â›” Ø®Ø·Ø§ Ø§Ø² Ù¾Ø§ÛŒØªÙˆÙ†: 'charmap' codec can't encode character '\u06cc' in position 14: character maps to <undefined>
2025-04-17 14:18:36 - Telegram Error: 'charmap' codec can't encode character '\u06cc' in position 14: character maps to <undefined>
File sent and link saved.
JSON FROM PYTHON: Array
(
    [telegram_file_id] => 5767052729976474192
    [telegram_url] => https://t.me/farokhfilems/44
)
2025-04-17 15:06:22 - OUTPUT: Error: 'Document' object has no attribute 'file_id'
2025-04-17 15:06:22 - Telegram Error: 'Document' object has no attribute 'file_id'
2025-04-17 15:06:49 - OUTPUT: Error: The number of file parts is invalid (caused by SendMediaRequest)
2025-04-17 15:06:49 - Telegram Error: The number of file parts is invalid (caused by SendMediaRequest)
2025-04-17 15:08:10 - OUTPUT: Error: 'Document' object has no attribute 'file_id'
2025-04-17 15:08:10 - Telegram Error: 'Document' object has no attribute 'file_id'
2025-04-17 15:09:06 - OUTPUT: Error: 'Document' object has no attribute 'file_id'
2025-04-17 15:09:06 - Telegram Error: 'Document' object has no attribute 'file_id'
2025-04-17 15:14:02 - START upload of Monshi.jpg
2025-04-17 15:14:05 - PYTHON OUTPUT: Error: 'Document' object has no attribute 'file_id'
telegram_result.json: {"error": "'Document' object has no attribute 'file_id'"}
â›” Telegram Error: 'Document' object has no attribute 'file_id'
2025-04-17 15:19:19 - START upload of logo.jpg
2025-04-17 15:19:23 - PYTHON OUTPUT: File sent and link saved.
telegram_result.json: {"telegram_file_id": 5767052729520232891, "telegram_url": "https://t.me/farokhfilems/50"}
âœ… VALID TELEGRAM DATA FOUND
2025-04-17 15:45:49 - START upload of p.jpg
2025-04-17 15:45:52 - PYTHON OUTPUT: File sent and link saved.
telegram_result.json: {"telegram_file_id": 5767052729520232968, "telegram_url": "https://t.me/farokhfilems/51"}
